[2026-04-18 04:56:31.378] [vde] [info] Data store configure CACHE_SIZE_MB succeeded
[2026-04-18 04:56:31.379] [vde] [info] Data store configure INI succeeded (/data/datastore.ini)
[2026-04-18 04:56:32.861] [vde] [info] Data store initialization succeeded
[2026-04-18 04:56:32.861] [vde] [info] VDE Engine initializing with work_dir: /data
[2026-04-18 04:56:32.864] [vde] [info] [FlushManager] Started (check_interval=30s, min_threshold=100, max_interval=3600s)
[2026-04-18 04:56:32.864] [vde] [info] VectorIndexRegistry and VectorRepositoryRegistry created
[2026-04-18 04:56:34.730] [vde] [info] [VDEEngine::CreateCollection(unified)] Creating 'rigsense_sensor_readings' with 1 vector space(s)
[2026-04-18 04:56:34.733] [vde] [info] [VDECollection::Init(unified)] name=rigsense_sensor_readings, num_vectors=1
[2026-04-18 04:56:34.733] [vde] [info] [VDECollection::SaveMetadata] Saving metadata for collection 'rigsense_sensor_readings' to: /data/rigsense_sensor_readings/metadata.json
[2026-04-18 04:56:34.749] [vde] [info] [VDECollection::SaveMetadata] Metadata saved to /data/rigsense_sensor_readings/metadata.json (storage_type=StorageType::BTRIEVE_FILE, index_driver_type=IndexDriverType::FAISS)
[2026-04-18 04:56:34.808] [vde] [info] [PersistentIdMap::Open] Opened with 118 mappings, next_internal_id=119
[2026-04-18 04:56:34.849] [vde] [info] [DenseBtrieveStore::Open] Opened (dim=6, record_len=40)
[2026-04-18 04:56:34.899] [vde] [info] [SegmentStateStore::Open] max_allocated_internal_id=118, schema_version=1, freshly_created=false
[2026-04-18 04:56:34.909] [vde] [info] [VDECollection::Init(unified)] LocalShard initialized with 1 vector space(s)
[2026-04-18 04:56:34.909] [vde] [info] [FlushManager] Registered collection 'rigsense_sensor_readings'
[2026-04-18 04:56:34.909] [vde] [info] [VDEEngine::CreateCollection(unified)] Collection 'rigsense_sensor_readings' created successfully
[2026-04-18 04:56:34.918] [vde] [info] [VDEEngine::CreateCollection(unified)] Creating 'rigsense_past_incidents' with 1 vector space(s)
[2026-04-18 04:56:34.921] [vde] [info] [VDECollection::Init(unified)] name=rigsense_past_incidents, num_vectors=1
[2026-04-18 04:56:34.921] [vde] [info] [VDECollection::SaveMetadata] Saving metadata for collection 'rigsense_past_incidents' to: /data/rigsense_past_incidents/metadata.json
[2026-04-18 04:56:34.933] [vde] [info] [VDECollection::SaveMetadata] Metadata saved to /data/rigsense_past_incidents/metadata.json (storage_type=StorageType::BTRIEVE_FILE, index_driver_type=IndexDriverType::FAISS)
[2026-04-18 04:56:34.988] [vde] [info] [PersistentIdMap::Open] Opened with 6 mappings, next_internal_id=7
[2026-04-18 04:56:35.027] [vde] [info] [DenseBtrieveStore::Open] Opened (dim=384, record_len=1552)
[2026-04-18 04:56:35.080] [vde] [info] [SegmentStateStore::Open] max_allocated_internal_id=6, schema_version=1, freshly_created=false
[2026-04-18 04:56:35.083] [vde] [info] [VDECollection::Init(unified)] LocalShard initialized with 1 vector space(s)
[2026-04-18 04:56:35.083] [vde] [info] [FlushManager] Registered collection 'rigsense_past_incidents'
[2026-04-18 04:56:35.083] [vde] [info] [VDEEngine::CreateCollection(unified)] Collection 'rigsense_past_incidents' created successfully
[2026-04-18 04:56:35.091] [vde] [info] [VDEEngine::CreateCollection(unified)] Creating 'rigsense_manuals' with 1 vector space(s)
[2026-04-18 04:56:35.094] [vde] [info] [VDECollection::Init(unified)] name=rigsense_manuals, num_vectors=1
[2026-04-18 04:56:35.094] [vde] [info] [VDECollection::SaveMetadata] Saving metadata for collection 'rigsense_manuals' to: /data/rigsense_manuals/metadata.json
[2026-04-18 04:56:35.108] [vde] [info] [VDECollection::SaveMetadata] Metadata saved to /data/rigsense_manuals/metadata.json (storage_type=StorageType::BTRIEVE_FILE, index_driver_type=IndexDriverType::FAISS)
[2026-04-18 04:56:35.163] [vde] [info] [PersistentIdMap::Open] Opened with 4 mappings, next_internal_id=5
[2026-04-18 04:56:35.205] [vde] [info] [DenseBtrieveStore::Open] Opened (dim=384, record_len=1552)
[2026-04-18 04:56:35.258] [vde] [info] [SegmentStateStore::Open] max_allocated_internal_id=4, schema_version=1, freshly_created=false
[2026-04-18 04:56:35.261] [vde] [info] [VDECollection::Init(unified)] LocalShard initialized with 1 vector space(s)
[2026-04-18 04:56:35.261] [vde] [info] [FlushManager] Registered collection 'rigsense_manuals'
[2026-04-18 04:56:35.261] [vde] [info] [VDEEngine::CreateCollection(unified)] Collection 'rigsense_manuals' created successfully
[2026-04-18 04:56:35.270] [vde] [info] [VDEEngine::CreateCollection(unified)] Creating 'rigsense_manual_chunks' with 1 vector space(s)
[2026-04-18 04:56:35.273] [vde] [info] [VDECollection::Init(unified)] name=rigsense_manual_chunks, num_vectors=1
[2026-04-18 04:56:35.273] [vde] [info] [VDECollection::SaveMetadata] Saving metadata for collection 'rigsense_manual_chunks' to: /data/rigsense_manual_chunks/metadata.json
[2026-04-18 04:56:35.285] [vde] [info] [VDECollection::SaveMetadata] Metadata saved to /data/rigsense_manual_chunks/metadata.json (storage_type=StorageType::BTRIEVE_FILE, index_driver_type=IndexDriverType::FAISS)
[2026-04-18 04:56:35.338] [vde] [info] [PersistentIdMap::Open] Opened with 18 mappings, next_internal_id=19
[2026-04-18 04:56:35.375] [vde] [info] [DenseBtrieveStore::Open] Opened (dim=384, record_len=1552)
[2026-04-18 04:56:35.431] [vde] [info] [SegmentStateStore::Open] max_allocated_internal_id=18, schema_version=1, freshly_created=false
[2026-04-18 04:56:35.435] [vde] [info] [VDECollection::Init(unified)] LocalShard initialized with 1 vector space(s)
[2026-04-18 04:56:35.435] [vde] [info] [FlushManager] Registered collection 'rigsense_manual_chunks'
[2026-04-18 04:56:35.435] [vde] [info] [VDEEngine::CreateCollection(unified)] Collection 'rigsense_manual_chunks' created successfully
[2026-04-18 05:04:59.574] [vde] [info] VDE Engine shutting down...
[2026-04-18 05:04:59.574] [vde] [info] [FlushManager] Stopped
[2026-04-18 05:04:59.575] [vde] [info] Shutting down rebuild manager (waiting up to 30s for tasks to complete)...
[2026-04-18 05:04:59.575] [vde] [info] Rebuild manager shutdown complete
[2026-04-18 05:04:59.575] [vde] [info] [VDECollection::~VDECollection] Destroying collection 'rigsense_manual_chunks'
[2026-04-18 05:04:59.575] [vde] [info] [VDECollection::~VDECollection] Flush collection before destruction
[2026-04-18 05:04:59.575] [vde] [info] [VDECollection::SaveMetadata] Saving metadata for collection 'rigsense_manual_chunks' to: /data/rigsense_manual_chunks/metadata.json
[2026-04-18 05:04:59.587] [vde] [info] [VDECollection::SaveMetadata] Metadata saved to /data/rigsense_manual_chunks/metadata.json (storage_type=StorageType::BTRIEVE_FILE, index_driver_type=IndexDriverType::FAISS)
[2026-04-18 05:04:59.660] [vde] [info] [FaissVectorIndexDriver::Serialize] Serializing index to: /data/rigsense_manual_chunks/segment_0/vectors/default
[2026-04-18 05:04:59.660] [vde] [info] [FaissVectorIndexDriver::Serialize] Index stats: ntotal=18, id_map_size=18, deleted_ids=18
[2026-04-18 05:04:59.660] [vde] [info] [FaissVectorIndexDriver::Serialize] HNSW params: efConstruction=200, efSearch=64, max_level=1
[2026-04-18 05:04:59.663] [vde] [info] [FaissVectorIndexDriver::Serialize] Writing FAISS index to: /data/rigsense_manual_chunks/segment_0/vectors/default/faiss.index
[2026-04-18 05:04:59.679] [vde] [info] [FaissVectorIndexDriver::Serialize] FAISS index written successfully
[2026-04-18 05:04:59.694] [vde] [info] [FaissVectorIndexDriver::Serialize] Index file size: 0.03 MB
[2026-04-18 05:04:59.734] [vde] [info] [FaissVectorIndexDriver::Serialize] Metadata written to /data/rigsense_manual_chunks/segment_0/vectors/default.meta
[2026-04-18 05:04:59.734] [vde] [info] [FaissVectorIndexDriver::Serialize] Serialization completed
[2026-04-18 05:04:59.774] [vde] [info] [VDECollection::~VDECollection] Flush completed.
[2026-04-18 05:04:59.774] [vde] [info] [VDECollection::~VDECollection] Collection 'rigsense_manual_chunks' destroyed successfully
[2026-04-18 05:04:59.792] [vde] [info] [VDECollection::~VDECollection] Destroying collection 'rigsense_manuals'
[2026-04-18 05:04:59.792] [vde] [info] [VDECollection::~VDECollection] Flush collection before destruction
[2026-04-18 05:04:59.793] [vde] [info] [VDECollection::SaveMetadata] Saving metadata for collection 'rigsense_manuals' to: /data/rigsense_manuals/metadata.json
[2026-04-18 05:04:59.804] [vde] [info] [VDECollection::SaveMetadata] Metadata saved to /data/rigsense_manuals/metadata.json (storage_type=StorageType::BTRIEVE_FILE, index_driver_type=IndexDriverType::FAISS)
[2026-04-18 05:04:59.868] [vde] [info] [FaissVectorIndexDriver::Serialize] Serializing index to: /data/rigsense_manuals/segment_0/vectors/default
[2026-04-18 05:04:59.868] [vde] [info] [FaissVectorIndexDriver::Serialize] Index stats: ntotal=4, id_map_size=4, deleted_ids=4
[2026-04-18 05:04:59.868] [vde] [info] [FaissVectorIndexDriver::Serialize] HNSW params: efConstruction=200, efSearch=64, max_level=0
[2026-04-18 05:04:59.871] [vde] [info] [FaissVectorIndexDriver::Serialize] Writing FAISS index to: /data/rigsense_manuals/segment_0/vectors/default/faiss.index
[2026-04-18 05:04:59.884] [vde] [info] [FaissVectorIndexDriver::Serialize] FAISS index written successfully
[2026-04-18 05:04:59.906] [vde] [info] [FaissVectorIndexDriver::Serialize] Index file size: 0.01 MB
[2026-04-18 05:04:59.949] [vde] [info] [FaissVectorIndexDriver::Serialize] Metadata written to /data/rigsense_manuals/segment_0/vectors/default.meta
[2026-04-18 05:04:59.949] [vde] [info] [FaissVectorIndexDriver::Serialize] Serialization completed
[2026-04-18 05:04:59.986] [vde] [info] [VDECollection::~VDECollection] Flush completed.
[2026-04-18 05:04:59.986] [vde] [info] [VDECollection::~VDECollection] Collection 'rigsense_manuals' destroyed successfully
[2026-04-18 05:05:00.003] [vde] [info] [VDECollection::~VDECollection] Destroying collection 'rigsense_past_incidents'
[2026-04-18 05:05:00.003] [vde] [info] [VDECollection::~VDECollection] Flush collection before destruction
[2026-04-18 05:05:00.003] [vde] [info] [VDECollection::SaveMetadata] Saving metadata for collection 'rigsense_past_incidents' to: /data/rigsense_past_incidents/metadata.json
[2026-04-18 05:05:00.013] [vde] [info] [VDECollection::SaveMetadata] Metadata saved to /data/rigsense_past_incidents/metadata.json (storage_type=StorageType::BTRIEVE_FILE, index_driver_type=IndexDriverType::FAISS)
[2026-04-18 05:05:00.077] [vde] [info] [FaissVectorIndexDriver::Serialize] Serializing index to: /data/rigsense_past_incidents/segment_0/vectors/default
[2026-04-18 05:05:00.077] [vde] [info] [FaissVectorIndexDriver::Serialize] Index stats: ntotal=60, id_map_size=60, deleted_ids=0
[2026-04-18 05:05:00.077] [vde] [info] [FaissVectorIndexDriver::Serialize] HNSW params: efConstruction=200, efSearch=64, max_level=1
[2026-04-18 05:05:00.079] [vde] [info] [FaissVectorIndexDriver::Serialize] Writing FAISS index to: /data/rigsense_past_incidents/segment_0/vectors/default/faiss.index
[2026-04-18 05:05:00.097] [vde] [info] [FaissVectorIndexDriver::Serialize] FAISS index written successfully
[2026-04-18 05:05:00.119] [vde] [info] [FaissVectorIndexDriver::Serialize] Index file size: 0.10 MB
[2026-04-18 05:05:00.167] [vde] [info] [FaissVectorIndexDriver::Serialize] Metadata written to /data/rigsense_past_incidents/segment_0/vectors/default.meta
[2026-04-18 05:05:00.167] [vde] [info] [FaissVectorIndexDriver::Serialize] Serialization completed
[2026-04-18 05:05:00.205] [vde] [info] [VDECollection::~VDECollection] Flush completed.
[2026-04-18 05:05:00.205] [vde] [info] [VDECollection::~VDECollection] Collection 'rigsense_past_incidents' destroyed successfully
[2026-04-18 05:05:00.221] [vde] [info] [VDECollection::~VDECollection] Destroying collection 'rigsense_sensor_readings'
[2026-04-18 05:05:00.221] [vde] [info] [VDECollection::~VDECollection] Flush collection before destruction
[2026-04-18 05:05:00.221] [vde] [info] [VDECollection::SaveMetadata] Saving metadata for collection 'rigsense_sensor_readings' to: /data/rigsense_sensor_readings/metadata.json
[2026-04-18 05:05:00.231] [vde] [info] [VDECollection::SaveMetadata] Metadata saved to /data/rigsense_sensor_readings/metadata.json (storage_type=StorageType::BTRIEVE_FILE, index_driver_type=IndexDriverType::FAISS)
[2026-04-18 05:05:00.284] [vde] [info] [FaissVectorIndexDriver::Serialize] Serializing index to: /data/rigsense_sensor_readings/segment_0/vectors/default
[2026-04-18 05:05:00.284] [vde] [info] [FaissVectorIndexDriver::Serialize] Index stats: ntotal=0, id_map_size=0, deleted_ids=0
[2026-04-18 05:05:00.284] [vde] [info] [FaissVectorIndexDriver::Serialize] HNSW params: efConstruction=200, efSearch=64, max_level=-1
[2026-04-18 05:05:00.284] [vde] [info] [FaissVectorIndexDriver::Serialize] Non-IVF index is empty (ntotal=0), skipping index write
[2026-04-18 05:05:00.327] [vde] [info] [VDECollection::~VDECollection] Flush completed.
[2026-04-18 05:05:00.327] [vde] [info] [VDECollection::~VDECollection] Collection 'rigsense_sensor_readings' destroyed successfully
[2026-04-18 05:05:00.341] [vde] [info] VDE Engine destroyed
[2026-04-18 05:05:00.465] [vde] [info] Data store deinitialization succeeded
